#
# There is insufficient memory for the Java Runtime Environment to continue.
# Native memory allocation (malloc) failed to allocate 1048576 bytes for AllocateHeap
# Possible reasons:
#   The system is out of physical RAM or swap space
#   The process is running with CompressedOops enabled, and the Java Heap may be blocking the growth of the native heap
# Possible solutions:
#   Reduce memory load on the system
#   Increase physical memory or swap space
#   Check if swap backing store is full
#   Decrease Java heap size (-Xmx/-Xms)
#   Decrease number of Java threads
#   Decrease Java thread stack sizes (-Xss)
#   Set larger code cache with -XX:ReservedCodeCacheSize=
#   JVM is running with Unscaled Compressed Oops mode in which the Java heap is
#     placed in the first 4GB address space. The Java Heap base address is the
#     maximum limit for the native heap growth. Please use -XX:HeapBaseMinAddress
#     to set the Java Heap base and to place the Java Heap above 4GB virtual address.
# This output file may be truncated or incomplete.
#
#  Out of Memory Error (allocation.cpp:44), pid=20172, tid=9196
#
# JRE version:  (17.0.8.1+1) (build )
# Java VM: OpenJDK 64-Bit Server VM (17.0.8.1+1, mixed mode, tiered, compressed oops, compressed class ptrs, parallel gc, windows-amd64)
# No core dump will be written. Minidumps are not enabled by default on client versions of Windows
#

---------------  S U M M A R Y ------------

Command Line: --add-modules=ALL-SYSTEM --add-opens=java.base/java.util=ALL-UNNAMED --add-opens=java.base/java.lang=ALL-UNNAMED --add-opens=java.base/sun.nio.fs=ALL-UNNAMED -Declipse.application=org.eclipse.jdt.ls.core.id1 -Dosgi.bundles.defaultStartLevel=4 -Declipse.product=org.eclipse.jdt.ls.core.product -Djava.import.generatesMetadataFilesAtProjectRoot=false -DDetectVMInstallationsJob.disabled=true -Dfile.encoding=utf8 -XX:+UseParallelGC -XX:GCTimeRatio=4 -XX:AdaptiveSizePolicyWeight=90 -Dsun.zip.disableMemoryMapping=true -Xmx1G -Xms100m -Xlog:disable -javaagent:c:\Users\aayus\.vscode\extensions\redhat.java-1.24.0-win32-x64\lombok\lombok-1.18.30.jar c:\Users\aayus\.vscode\extensions\redhat.java-1.24.0-win32-x64\server\plugins\org.eclipse.equinox.launcher_1.6.500.v20230717-2134.jar -configuration c:\Users\aayus\AppData\Roaming\Code\User\globalStorage\redhat.java\1.24.0\config_ss_win -data c:\Users\aayus\AppData\Roaming\Code\User\workspaceStorage\d5c4b7a524a4fb5fbb35ab50a22f944a\redhat.java\ss_ws --stdio

Host: AMD Ryzen 3 5300U with Radeon Graphics         , 8 cores, 7G,  Windows 11 , 64 bit Build 22621 (10.0.22621.2428)
Time: Thu Nov  9 11:42:57 2023 India Standard Time elapsed time: 0.107219 seconds (0d 0h 0m 0s)

---------------  T H R E A D  ---------------

Current thread (0x000001c430d5b080):  JavaThread "Unknown thread" [_thread_in_vm, id=9196, stack(0x0000006a19c00000,0x0000006a19d00000)]

Stack: [0x0000006a19c00000,0x0000006a19d00000]
Native frames: (J=compiled Java code, j=interpreted, Vv=VM code, C=native code)
V  [jvm.dll+0x678b0a]
V  [jvm.dll+0x835e84]
V  [jvm.dll+0x83762e]
V  [jvm.dll+0x837c93]
V  [jvm.dll+0x24746f]
V  [jvm.dll+0xa697b]
V  [jvm.dll+0x6b6463]
V  [jvm.dll+0x6b6fcf]
V  [jvm.dll+0x685238]
V  [jvm.dll+0x80864b]
V  [jvm.dll+0x36bba4]
V  [jvm.dll+0x7e733c]
V  [jvm.dll+0x3ee4af]
V  [jvm.dll+0x3f00c1]
C  [jli.dll+0x528b]
C  [ucrtbase.dll+0x29363]
C  [KERNEL32.DLL+0x1257d]
C  [ntdll.dll+0x5aa78]


---------------  P R O C E S S  ---------------

Threads class SMR info:
_java_thread_list=0x00007fff994ca018, length=0, elements={
}

Java Threads: ( => current thread )

Other Threads:
  0x000001c430d6e650 GCTaskThread "GC Thread#0" [stack: 0x0000006a19d00000,0x0000006a19e00000] [id=18908]

=>0x000001c430d5b080 (exited) JavaThread "Unknown thread" [_thread_in_vm, id=9196, stack(0x0000006a19c00000,0x0000006a19d00000)]

Threads with active compile tasks:

VM state: not at safepoint (normal execution)

VM Mutex/Monitor currently owned by a thread: None

Heap address: 0x00000000c0000000, size: 1024 MB, Compressed Oops mode: 32-bit

CDS archive(s) not mapped
Compressed class space mapped at: 0x0000000100000000-0x0000000140000000, reserved size: 1073741824
Narrow klass base: 0x0000000000000000, Narrow klass shift: 3, Narrow klass range: 0x140000000

GC Precious Log:
 CPUs: 8 total, 8 available
 Memory: 7502M
 Large Page Support: Disabled
 NUMA Support: Disabled
 Compressed Oops: Enabled (32-bit)
 Alignments: Space 512K, Generation 512K, Heap 2M
 Heap Min Capacity: 100M
 Heap Initial Capacity: 100M
 Heap Max Capacity: 1G
 Pre-touch: Disabled
 Parallel Workers: 8

Heap:
 PSYoungGen      total 29696K, used 512K [0x00000000eab00000, 0x00000000ecc00000, 0x0000000100000000)
  eden space 25600K, 2% used [0x00000000eab00000,0x00000000eab80070,0x00000000ec400000)
  from space 4096K, 0% used [0x00000000ec800000,0x00000000ec800000,0x00000000ecc00000)
  to   space 4096K, 0% used [0x00000000ec400000,0x00000000ec400000,0x00000000ec800000)
 ParOldGen       total 68608K, used 0K [0x00000000c0000000, 0x00000000c4300000, 0x00000000eab00000)
  object space 68608K, 0% used [0x00000000c0000000,0x00000000c0000000,0x00000000c4300000)
 Metaspace       used 1149K, committed 1216K, reserved 1114112K
  class space    used 101K, committed 128K, reserved 1048576K

Card table byte_map: [0x000001c4306e0000,0x000001c4308f0000] _byte_map_base: 0x000001c4300e0000

Marking Bits: (ParMarkBitMap*) 0x00007fff995383a0
 Begin Bits: [0x000001c4429c0000, 0x000001c4439c0000)
 End Bits:   [0x000001c4439c0000, 0x000001c4449c0000)

Polling page: 0x000001c42eca0000

Metaspace:

Usage:
  Non-class:      1.02 MB used.
      Class:    101.05 KB used.
       Both:      1.12 MB used.

Virtual space:
  Non-class space:       64.00 MB reserved,       1.06 MB (  2%) committed,  1 nodes.
      Class space:        1.00 GB reserved,     128.00 KB ( <1%) committed,  1 nodes.
             Both:        1.06 GB reserved,       1.19 MB ( <1%) committed. 

Chunk freelists:
   Non-Class:  12.00 MB
       Class:  15.75 MB
        Both:  27.75 MB

MaxMetaspaceSize: unlimited
CompressedClassSpaceSize: 1.00 GB
Initial GC threshold: 21.00 MB
Current GC threshold: 17179869184.00 GB
CDS: off
MetaspaceReclaimPolicy: balanced
 - commit_granule_bytes: 65536.
 - commit_granule_words: 8192.
 - virtual_space_node_default_size: 8388608.
 - enlarge_chunks_in_place: 1.
 - new_chunks_are_fully_committed: 0.
 - uncommit_free_chunks: 1.
 - use_allocation_guard: 0.
 - handle_deallocations: 1.


Internal statistics:

num_allocs_failed_limit: 0.
num_arena_births: 2.
num_arena_deaths: 0.
num_vsnodes_births: 2.
num_vsnodes_deaths: 0.
num_space_committed: 19.
num_space_uncommitted: 0.
num_chunks_returned_to_freelist: 0.
num_chunks_taken_from_freelist: 3.
num_chunk_merges: 0.
num_chunk_splits: 2.
num_chunks_enlarged: 0.
num_inconsistent_stats: 0.

CodeHeap 'non-profiled nmethods': size=120000Kb used=0Kb max_used=0Kb free=120000Kb
 bounds [0x000001c43b490000, 0x000001c43b700000, 0x000001c4429c0000]
CodeHeap 'profiled nmethods': size=120000Kb used=0Kb max_used=0Kb free=120000Kb
 bounds [0x000001c4339c0000, 0x000001c433c30000, 0x000001c43aef0000]
CodeHeap 'non-nmethods': size=5760Kb used=202Kb max_used=353Kb free=5557Kb
 bounds [0x000001c43aef0000, 0x000001c43b160000, 0x000001c43b490000]
 total_blobs=66 nmethods=0 adapters=47
 compilation: enabled
              stopped_count=0, restarted_count=0
 full_count=0

Compilation events (0 events):
No events

GC Heap History (0 events):
No events

Dll operation events (1 events):
Event: 0.078 Loaded shared library c:\Users\aayus\.vscode\extensions\redhat.java-1.24.0-win32-x64\jre\17.0.8.1-win32-x86_64\bin\java.dll

Deoptimization events (0 events):
No events

Classes unloaded (0 events):
No events

Classes redefined (0 events):
No events

Internal exceptions (0 events):
No events

VM Operations (0 events):
No events

Events (20 events):
Event: 0.099 loading class java/lang/Long
Event: 0.099 loading class java/lang/Long done
Event: 0.099 loading class java/util/Iterator
Event: 0.099 loading class java/util/Iterator done
Event: 0.099 loading class java/lang/reflect/RecordComponent
Event: 0.099 loading class java/lang/reflect/RecordComponent done
Event: 0.099 loading class jdk/internal/vm/vector/VectorSupport
Event: 0.100 loading class jdk/internal/vm/vector/VectorSupport done
Event: 0.100 loading class jdk/internal/vm/vector/VectorSupport$VectorPayload
Event: 0.100 loading class jdk/internal/vm/vector/VectorSupport$VectorPayload done
Event: 0.100 loading class jdk/internal/vm/vector/VectorSupport$Vector
Event: 0.100 loading class jdk/internal/vm/vector/VectorSupport$Vector done
Event: 0.100 loading class jdk/internal/vm/vector/VectorSupport$VectorMask
Event: 0.100 loading class jdk/internal/vm/vector/VectorSupport$VectorMask done
Event: 0.100 loading class jdk/internal/vm/vector/VectorSupport$VectorShuffle
Event: 0.100 loading class jdk/internal/vm/vector/VectorSupport$VectorShuffle done
Event: 0.102 loading class java/lang/NullPointerException
Event: 0.102 loading class java/lang/NullPointerException done
Event: 0.102 loading class java/lang/ArithmeticException
Event: 0.102 loading class java/lang/ArithmeticException done


Dynamic libraries:
0x00007ff7e3910000 - 0x00007ff7e391e000 	c:\Users\aayus\.vscode\extensions\redhat.java-1.24.0-win32-x64\jre\17.0.8.1-win32-x86_64\bin\java.exe
0x00007fffe6e10000 - 0x00007fffe7027000 	C:\WINDOWS\SYSTEM32\ntdll.dll
0x00007fffe4b70000 - 0x00007fffe4c34000 	C:\WINDOWS\System32\KERNEL32.DLL
0x00007fffe4190000 - 0x00007fffe4536000 	C:\WINDOWS\System32\KERNELBASE.dll
0x00007fffe1520000 - 0x00007fffe15b7000 	C:\WINDOWS\SYSTEM32\apphelp.dll
0x00007fffe45e0000 - 0x00007fffe46f1000 	C:\WINDOWS\System32\ucrtbase.dll
0x00007fffbeca0000 - 0x00007fffbecb7000 	c:\Users\aayus\.vscode\extensions\redhat.java-1.24.0-win32-x64\jre\17.0.8.1-win32-x86_64\bin\jli.dll
0x00007fffbec00000 - 0x00007fffbec19000 	c:\Users\aayus\.vscode\extensions\redhat.java-1.24.0-win32-x64\jre\17.0.8.1-win32-x86_64\bin\VCRUNTIME140.dll
0x00007fffe5500000 - 0x00007fffe56ad000 	C:\WINDOWS\System32\USER32.dll
0x00007fffe4ad0000 - 0x00007fffe4af6000 	C:\WINDOWS\System32\win32u.dll
0x00007fffe67d0000 - 0x00007fffe67f9000 	C:\WINDOWS\System32\GDI32.dll
0x00007fffc6cb0000 - 0x00007fffc6f43000 	C:\WINDOWS\WinSxS\amd64_microsoft.windows.common-controls_6595b64144ccf1df_6.0.22621.2361_none_2712ced57382f843\COMCTL32.dll
0x00007fffe4870000 - 0x00007fffe4988000 	C:\WINDOWS\System32\gdi32full.dll
0x00007fffe4540000 - 0x00007fffe45da000 	C:\WINDOWS\System32\msvcp_win.dll
0x00007fffe4c40000 - 0x00007fffe4ce7000 	C:\WINDOWS\System32\msvcrt.dll
0x00007fffe6b30000 - 0x00007fffe6b61000 	C:\WINDOWS\System32\IMM32.DLL
0x00007fffca8b0000 - 0x00007fffca8bc000 	c:\Users\aayus\.vscode\extensions\redhat.java-1.24.0-win32-x64\jre\17.0.8.1-win32-x86_64\bin\vcruntime140_1.dll
0x00007fffa96e0000 - 0x00007fffa9771000 	c:\Users\aayus\.vscode\extensions\redhat.java-1.24.0-win32-x64\jre\17.0.8.1-win32-x86_64\bin\msvcp140.dll
0x00007fff989b0000 - 0x00007fff995fc000 	c:\Users\aayus\.vscode\extensions\redhat.java-1.24.0-win32-x64\jre\17.0.8.1-win32-x86_64\bin\server\jvm.dll
0x00007fffe4fc0000 - 0x00007fffe5070000 	C:\WINDOWS\System32\ADVAPI32.dll
0x00007fffe6d20000 - 0x00007fffe6dc6000 	C:\WINDOWS\System32\sechost.dll
0x00007fffe53e0000 - 0x00007fffe54f7000 	C:\WINDOWS\System32\RPCRT4.dll
0x00007fffdaef0000 - 0x00007fffdaf24000 	C:\WINDOWS\SYSTEM32\WINMM.dll
0x00007fffc9a50000 - 0x00007fffc9a59000 	C:\WINDOWS\SYSTEM32\WSOCK32.dll
0x00007fffe3e00000 - 0x00007fffe3e4d000 	C:\WINDOWS\SYSTEM32\POWRPROF.dll
0x00007fffdca40000 - 0x00007fffdca4a000 	C:\WINDOWS\SYSTEM32\VERSION.dll
0x00007fffe6bf0000 - 0x00007fffe6c61000 	C:\WINDOWS\System32\WS2_32.dll
0x00007fffe3c10000 - 0x00007fffe3c23000 	C:\WINDOWS\SYSTEM32\UMPDC.dll
0x00007fffe3170000 - 0x00007fffe3188000 	C:\WINDOWS\SYSTEM32\kernel.appcore.dll
0x00007fffc55e0000 - 0x00007fffc55ea000 	c:\Users\aayus\.vscode\extensions\redhat.java-1.24.0-win32-x64\jre\17.0.8.1-win32-x86_64\bin\jimage.dll
0x00007fffd1480000 - 0x00007fffd16ae000 	C:\WINDOWS\SYSTEM32\DBGHELP.DLL
0x00007fffe56c0000 - 0x00007fffe5a4a000 	C:\WINDOWS\System32\combase.dll
0x00007fffe6a50000 - 0x00007fffe6b27000 	C:\WINDOWS\System32\OLEAUT32.dll
0x00007fffca090000 - 0x00007fffca0c2000 	C:\WINDOWS\SYSTEM32\dbgcore.DLL
0x00007fffe4990000 - 0x00007fffe4a0a000 	C:\WINDOWS\System32\bcryptPrimitives.dll
0x00007fffbec80000 - 0x00007fffbec8e000 	c:\Users\aayus\.vscode\extensions\redhat.java-1.24.0-win32-x64\jre\17.0.8.1-win32-x86_64\bin\instrument.dll
0x00007ffface10000 - 0x00007ffface35000 	c:\Users\aayus\.vscode\extensions\redhat.java-1.24.0-win32-x64\jre\17.0.8.1-win32-x86_64\bin\java.dll
0x00007fffb7530000 - 0x00007fffb7548000 	c:\Users\aayus\.vscode\extensions\redhat.java-1.24.0-win32-x64\jre\17.0.8.1-win32-x86_64\bin\zip.dll

dbghelp: loaded successfully - version: 4.0.5 - missing functions: none
symbol engine: initialized successfully - sym options: 0x614 - pdb path: .;c:\Users\aayus\.vscode\extensions\redhat.java-1.24.0-win32-x64\jre\17.0.8.1-win32-x86_64\bin;C:\WINDOWS\SYSTEM32;C:\WINDOWS\WinSxS\amd64_microsoft.windows.common-controls_6595b64144ccf1df_6.0.22621.2361_none_2712ced57382f843;c:\Users\aayus\.vscode\extensions\redhat.java-1.24.0-win32-x64\jre\17.0.8.1-win32-x86_64\bin\server

VM Arguments:
jvm_args: --add-modules=ALL-SYSTEM --add-opens=java.base/java.util=ALL-UNNAMED --add-opens=java.base/java.lang=ALL-UNNAMED --add-opens=java.base/sun.nio.fs=ALL-UNNAMED -Declipse.application=org.eclipse.jdt.ls.core.id1 -Dosgi.bundles.defaultStartLevel=4 -Declipse.product=org.eclipse.jdt.ls.core.product -Djava.import.generatesMetadataFilesAtProjectRoot=false -DDetectVMInstallationsJob.disabled=true -Dfile.encoding=utf8 -XX:+UseParallelGC -XX:GCTimeRatio=4 -XX:AdaptiveSizePolicyWeight=90 -Dsun.zip.disableMemoryMapping=true -Xmx1G -Xms100m -Xlog:disable -javaagent:c:\Users\aayus\.vscode\extensions\redhat.java-1.24.0-win32-x64\lombok\lombok-1.18.30.jar 
java_command: c:\Users\aayus\.vscode\extensions\redhat.java-1.24.0-win32-x64\server\plugins\org.eclipse.equinox.launcher_1.6.500.v20230717-2134.jar -configuration c:\Users\aayus\AppData\Roaming\Code\User\globalStorage\redhat.java\1.24.0\config_ss_win -data c:\Users\aayus\AppData\Roaming\Code\User\workspaceStorage\d5c4b7a524a4fb5fbb35ab50a22f944a\redhat.java\ss_ws --stdio
java_class_path (initial): c:\Users\aayus\.vscode\extensions\redhat.java-1.24.0-win32-x64\server\plugins\org.eclipse.equinox.launcher_1.6.500.v20230717-2134.jar
Launcher Type: SUN_STANDARD

[Global flags]
    uintx AdaptiveSizePolicyWeight                 = 90                                        {product} {command line}
     intx CICompilerCount                          = 4                                         {product} {ergonomic}
    uintx GCTimeRatio                              = 4                                         {product} {command line}
   size_t InitialHeapSize                          = 104857600                                 {product} {command line}
   size_t MaxHeapSize                              = 1073741824                                {product} {command line}
   size_t MaxNewSize                               = 357564416                                 {product} {ergonomic}
   size_t MinHeapDeltaBytes                        = 524288                                    {product} {ergonomic}
   size_t MinHeapSize                              = 104857600                                 {product} {command line}
   size_t NewSize                                  = 34603008                                  {product} {ergonomic}
    uintx NonNMethodCodeHeapSize                   = 5839372                                {pd product} {ergonomic}
    uintx NonProfiledCodeHeapSize                  = 122909434                              {pd product} {ergonomic}
   size_t OldSize                                  = 70254592                                  {product} {ergonomic}
    uintx ProfiledCodeHeapSize                     = 122909434                              {pd product} {ergonomic}
    uintx ReservedCodeCacheSize                    = 251658240                              {pd product} {ergonomic}
     bool SegmentedCodeCache                       = true                                      {product} {ergonomic}
   size_t SoftMaxHeapSize                          = 1073741824                             {manageable} {ergonomic}
     bool UseCompressedClassPointers               = true                           {product lp64_product} {ergonomic}
     bool UseCompressedOops                        = true                           {product lp64_product} {ergonomic}
     bool UseLargePagesIndividualAllocation        = false                                  {pd product} {ergonomic}
     bool UseParallelGC                            = true                                      {product} {command line}

Logging:
Log output configuration:
 #0: stdout all=off uptime,level,tags
 #1: stderr all=off uptime,level,tags

Environment Variables:
PATH=C:\Program Files\Common Files\Oracle\Java\javapath;C:\python3111\Scripts\;C:\python3111\;C:\WINDOWS\system32;C:\WINDOWS;C:\WINDOWS\System32\Wbem;C:\WINDOWS\System32\WindowsPowerShell\v1.0\;C:\WINDOWS\System32\OpenSSH\;C:\MinGW\bin;C:\Program Files\Git\cmd;C:\Program Files\nodejs\;C:\ProgramData\chocolatey\bin;C:\Program Files\MongoDB\Server\6.0\bin;C:\Users\aayus\AppData\Local\Microsoft\WindowsApps;C:\Users\aayus\AppData\Local\Programs\Microsoft VS Code\bin;C:\Users\aayus\AppData\Local\GitHubDesktop\bin;C:\Users\aayus\AppData\Roaming\npm;C:\Program Files\MongoDB\Server\6.0\bin;C:\mongosh-1.7.1-win32-x64\bin;
USERNAME=aayus
OS=Windows_NT
PROCESSOR_IDENTIFIER=AMD64 Family 23 Model 104 Stepping 1, AuthenticAMD
TMP=C:\Users\aayus\AppData\Local\Temp
TEMP=C:\Users\aayus\AppData\Local\Temp



---------------  S Y S T E M  ---------------

OS:
 Windows 11 , 64 bit Build 22621 (10.0.22621.2428)
OS uptime: 7 days 22:03 hours

CPU: total 8 (initial active 8) (8 cores per cpu, 2 threads per core) family 23 model 104 stepping 1 microcode 0x0, cx8, cmov, fxsr, ht, mmx, 3dnowpref, sse, sse2, sse3, ssse3, sse4a, sse4.1, sse4.2, popcnt, lzcnt, tsc, tscinvbit, avx, avx2, aes, clmul, bmi1, bmi2, adx, sha, fma, vzeroupper, clflush, clflushopt
Processor Information for processor 0
  Max Mhz: 2600, Current Mhz: 2600, Mhz Limit: 2600
Processor Information for processor 1
  Max Mhz: 2600, Current Mhz: 2600, Mhz Limit: 2600
Processor Information for processor 2
  Max Mhz: 2600, Current Mhz: 2600, Mhz Limit: 2600
Processor Information for processor 3
  Max Mhz: 2600, Current Mhz: 2600, Mhz Limit: 2600
Processor Information for processor 4
  Max Mhz: 2600, Current Mhz: 1789, Mhz Limit: 2600
Processor Information for processor 5
  Max Mhz: 2600, Current Mhz: 2600, Mhz Limit: 2600
Processor Information for processor 6
  Max Mhz: 2600, Current Mhz: 2600, Mhz Limit: 2600
Processor Information for processor 7
  Max Mhz: 2600, Current Mhz: 2600, Mhz Limit: 2600

Memory: 4k page, system-wide physical 7502M (341M free)
TotalPageFile size 11064M (AvailPageFile size 5M)
current process WorkingSet (physical memory assigned to process): 17M, peak: 17M
current process commit charge ("private bytes"): 167M, peak: 168M

vm_info: OpenJDK 64-Bit Server VM (17.0.8.1+1) for windows-amd64 JRE (17.0.8.1+1), built on Aug 23 2023 15:29:17 by "admin" with MS VC++ 16.7 (VS2019)

END.
